<?xml version="1.0" encoding="UTF-8"?>
<!-- Generated by org.testng.reporters.JUnitXMLReporter -->
<testsuite ignored="0" hostname="HTPD-912" failures="1" tests="3" name="Execute Smoke test " time="34.06" errors="0" timestamp="2020-04-30T16:53:17 IST">
  <testcase classname="seleniumTest.AppTest" name="loginInvalid" time="1.906">
    <failure type="java.lang.AssertionError" message="expected [Please check your username and password. If you still can&amp;apos;t log in, contact your Salesforce administrator.] but found []">
      <![CDATA[java.lang.AssertionError: expected [Please check your username and password. If you still can't log in, contact your Salesforce administrator.] but found []
at seleniumTest.AppTest.loginInvalid(AppTest.java:39)
at java.base/java.util.ArrayList.forEach(ArrayList.java:1540)
... Removed 32 stack frames]]>
    </failure>
  </testcase> <!-- loginInvalid -->
  <testcase classname="seleniumTest.AppTest" name="loginValid" time="16.951"/>
  <testcase classname="seleniumTest.AppTest" name="tearDown" time="4.217"/>
</testsuite> <!-- Execute Smoke test  -->
